[debug] [2019-11-04T06:18:51.624Z] ----------------------------------------------------------------------
[debug] [2019-11-04T06:18:51.627Z] Command:       C:\Program Files\nodejs\node.exe C:\Users\Vinay\AppData\Roaming\npm\node_modules\firebase-tools\lib\bin\firebase.js deploy --only hosting
[debug] [2019-11-04T06:18:51.628Z] CLI Version:   7.6.1
[debug] [2019-11-04T06:18:51.628Z] Platform:      win32
[debug] [2019-11-04T06:18:51.628Z] Node Version:  v10.15.3
[debug] [2019-11-04T06:18:51.629Z] Time:          Mon Nov 04 2019 11:48:51 GMT+0530 (India Standard Time)
[debug] [2019-11-04T06:18:51.629Z] ----------------------------------------------------------------------
[debug] [2019-11-04T06:18:51.629Z] 
[debug] [2019-11-04T06:18:51.657Z] > command requires scopes: ["email","openid","https://www.googleapis.com/auth/cloudplatformprojects.readonly","https://www.googleapis.com/auth/firebase","https://www.googleapis.com/auth/cloud-platform"]
[debug] [2019-11-04T06:18:51.658Z] > authorizing via signed-in user
[debug] [2019-11-04T06:18:51.658Z] [iam] checking project twisterio for permissions ["firebase.projects.get","firebasehosting.sites.update"]
[debug] [2019-11-04T06:18:51.661Z] > refreshing access token with scopes: ["email","https://www.googleapis.com/auth/cloud-platform","https://www.googleapis.com/auth/cloudplatformprojects.readonly","https://www.googleapis.com/auth/firebase","openid"]
[debug] [2019-11-04T06:18:51.661Z] >>> HTTP REQUEST POST https://www.googleapis.com/oauth2/v3/token  
 <request body omitted>
[debug] [2019-11-04T06:18:51.928Z] <<< HTTP RESPONSE 200
[debug] [2019-11-04T06:18:51.942Z] >>> HTTP REQUEST POST https://cloudresourcemanager.googleapis.com/v1/projects/twisterio:testIamPermissions  

[debug] [2019-11-04T06:18:53.827Z] <<< HTTP RESPONSE 200
[debug] [2019-11-04T06:18:53.830Z] >>> HTTP REQUEST GET https://firebase.googleapis.com/v1beta1/projects/twisterio  
 
[debug] [2019-11-04T06:18:54.247Z] <<< HTTP RESPONSE 200
[info] 
[info] === Deploying to 'twisterio'...
[info] 
[info] i  deploying hosting
[debug] [2019-11-04T06:18:57.676Z] >>> HTTP REQUEST POST https://firebasehosting.googleapis.com/v1beta1/sites/twisterio/versions  

